9/20/2016 10:24:38 PM	This log contains information about the import schema operation into project 'Attractions' on computer 'DESKTOP-A33D8H1' by user 'srini'.
9/20/2016 10:24:38 PM	Import of database schema has started.
9/20/2016 10:24:53 PM	Gathering database options
9/20/2016 10:24:53 PM	Gathering users
9/20/2016 10:24:53 PM	Gathering roles
9/20/2016 10:24:53 PM	Gathering application roles
9/20/2016 10:24:53 PM	Gathering role memberships
9/20/2016 10:24:53 PM	Gathering filegroups
9/20/2016 10:24:53 PM	Gathering full-text catalogs
9/20/2016 10:24:53 PM	Gathering assemblies
9/20/2016 10:24:53 PM	Gathering certificates
9/20/2016 10:24:53 PM	Gathering asymmetric keys
9/20/2016 10:24:53 PM	Gathering symmetric keys
9/20/2016 10:24:53 PM	Gathering encrypted symmetric keys
9/20/2016 10:24:53 PM	Gathering schemas
9/20/2016 10:24:53 PM	Gathering XML schema collections
9/20/2016 10:24:53 PM	Gathering user-defined data types
9/20/2016 10:24:53 PM	Gathering user-defined types
9/20/2016 10:24:53 PM	Gathering table types
9/20/2016 10:24:53 PM	Gathering unique keys for table types
9/20/2016 10:24:53 PM	Gathering primary keys for table types
9/20/2016 10:24:53 PM	Gathering check constraints for table types
9/20/2016 10:24:53 PM	Gathering default constraints for table types
9/20/2016 10:24:53 PM	Gathering partition functions
9/20/2016 10:24:53 PM	Gathering partition schemes
9/20/2016 10:24:53 PM	Gathering functions
9/20/2016 10:24:57 PM	Gathering encrypted functions
9/20/2016 10:24:57 PM	Gathering aggregates
9/20/2016 10:24:57 PM	Gathering procedures
9/20/2016 10:24:57 PM	Gathering encrypted procedures
9/20/2016 10:24:58 PM	Gathering tables
9/20/2016 10:24:58 PM	Gathering primary keys
9/20/2016 10:24:58 PM	Gathering unique constraints
9/20/2016 10:24:58 PM	Gathering foreign keys
9/20/2016 10:24:58 PM	Gathering default constraints
9/20/2016 10:24:58 PM	Gathering check constraints
9/20/2016 10:24:58 PM	Gathering views
9/20/2016 10:24:58 PM	Gathering encrypted views
9/20/2016 10:24:58 PM	Gathering indexes
9/20/2016 10:24:58 PM	Gathering statistics
9/20/2016 10:24:58 PM	Gathering full-text index stoplists
9/20/2016 10:24:58 PM	Gathering search property lists
9/20/2016 10:24:58 PM	Gathering search properties
9/20/2016 10:24:58 PM	Gathering full-text indexes
9/20/2016 10:24:58 PM	Gathering column store indexes
9/20/2016 10:24:58 PM	Gathering spatial indexes
9/20/2016 10:24:58 PM	Gathering XML indexes
9/20/2016 10:25:03 PM	Gathering encrypted triggers
9/20/2016 10:25:03 PM	Gathering triggers
9/20/2016 10:25:03 PM	Gathering encrypted and clr ddl triggers
9/20/2016 10:25:03 PM	Gathering ddl triggers
9/20/2016 10:25:03 PM	Gathering synonyms
9/20/2016 10:25:03 PM	Gathering defaults
9/20/2016 10:25:03 PM	Gathering data constraint uddt bindings
9/20/2016 10:25:03 PM	Gathering rules
9/20/2016 10:25:03 PM	Gathering data constraint uddt bindings
9/20/2016 10:25:03 PM	Gathering message types
9/20/2016 10:25:03 PM	Gathering queues
9/20/2016 10:25:03 PM	Gathering contracts
9/20/2016 10:25:03 PM	Gathering services
9/20/2016 10:25:03 PM	Gathering event notifications
9/20/2016 10:25:03 PM	Gathering remote service bindings
9/20/2016 10:25:03 PM	Gathering broker priorities
9/20/2016 10:25:03 PM	Gathering signatures
9/20/2016 10:25:03 PM	Gathering data compression options
9/20/2016 10:25:03 PM	Gathering sequence types
9/20/2016 10:25:03 PM	Gathering extended properties
9/20/2016 10:25:03 PM	Gathering credentials
9/20/2016 10:25:03 PM	Gathering logins
9/20/2016 10:25:03 PM	Gathering server audits
9/20/2016 10:25:04 PM	Scanning project for duplicate elements
9/20/2016 10:25:04 PM	Finished duplicate element processing
9/20/2016 10:25:05 PM	Finished importing database.
9/20/2016 10:25:05 PM	A summary of the import was saved to the following location: D:\Srinivas\Personal\Projects\Attractions\Source\Development\Attractions\Import Schema Logs\Attractions_20160921022438.log
9/20/2016 10:25:05 PM	Click Finish to continue...
